Started GET "/index.html" for 127.0.0.1 at 2023-03-04 13:52:04 +0530
  
ActionController::RoutingError (No route matches [GET] "/index.html"):
  
Started GET "/welcome/index.html" for 127.0.0.1 at 2023-03-04 13:52:23 +0530
Processing by WelcomeController#index as HTML
  Rendering layout layouts/application.html.erb
  Rendering welcome/index.html.erb within layouts/application
  Rendered welcome/index.html.erb within layouts/application (Duration: 2.1ms | Allocations: 109)
  Rendered layout layouts/application.html.erb (Duration: 3058.6ms | Allocations: 82124)
Completed 500 Internal Server Error in 3283ms (ActiveRecord: 0.0ms | Allocations: 84758)


  
ActionView::Template::Error (Permission denied @ rb_file_s_rename - (D:/rubyProjects/viewsByHand/tmp/cache/assets/sprockets/v4.0.0/8A/8ATS6GEk7BUFrX-dNWrMkJlKC8R6jt2kGpOsXv2K-78.cache.21720.7668.396756, D:/rubyProjects/viewsByHand/tmp/cache/assets/sprockets/v4.0.0/8A/8ATS6GEk7BUFrX-dNWrMkJlKC8R6jt2kGpOsXv2K-78.cache)):
  
sprockets (4.2.0) lib/sprockets/path_utils.rb:362:in `rename'
sprockets (4.2.0) lib/sprockets/path_utils.rb:362:in `atomic_write'
sprockets (4.2.0) lib/sprockets/cache/file_store.rb:112:in `set'
sprockets (4.2.0) lib/sprockets/cache.rb:227:in `set'
sprockets (4.2.0) lib/sprockets/cache.rb:143:in `set'
sprockets (4.2.0) lib/sprockets/loader.rb:263:in `store_asset'
sprockets (4.2.0) lib/sprockets/loader.rb:226:in `load_from_unloaded'
sprockets (4.2.0) lib/sprockets/loader.rb:59:in `block in load'
sprockets (4.2.0) lib/sprockets/loader.rb:337:in `fetch_asset_from_dependency_cache'
sprockets (4.2.0) lib/sprockets/loader.rb:43:in `load'
sprockets (4.2.0) lib/sprockets/cached_environment.rb:44:in `block in load'
concurrent-ruby (1.2.2) lib/concurrent-ruby/concurrent/map.rb:207:in `block in fetch_or_store'
concurrent-ruby (1.2.2) lib/concurrent-ruby/concurrent/map.rb:187:in `fetch'
concurrent-ruby (1.2.2) lib/concurrent-ruby/concurrent/map.rb:206:in `fetch_or_store'
sprockets (4.2.0) lib/sprockets/cached_environment.rb:44:in `load'
sprockets (4.2.0) lib/sprockets/bundle.rb:32:in `block in call'
C:/Ruby31-x64/lib/ruby/3.1.0/set.rb:511:in `each_key'
C:/Ruby31-x64/lib/ruby/3.1.0/set.rb:511:in `each'
sprockets (4.2.0) lib/sprockets/bundle.rb:31:in `call'
sprockets (4.2.0) lib/sprockets/processor_utils.rb:84:in `call_processor'
sprockets (4.2.0) lib/sprockets/processor_utils.rb:66:in `block in call_processors'
sprockets (4.2.0) lib/sprockets/processor_utils.rb:65:in `reverse_each'
sprockets (4.2.0) lib/sprockets/processor_utils.rb:65:in `call_processors'
sprockets (4.2.0) lib/sprockets/loader.rb:182:in `load_from_unloaded'
sprockets (4.2.0) lib/sprockets/loader.rb:59:in `block in load'
sprockets (4.2.0) lib/sprockets/loader.rb:337:in `fetch_asset_from_dependency_cache'
sprockets (4.2.0) lib/sprockets/loader.rb:43:in `load'
sprockets (4.2.0) lib/sprockets/cached_environment.rb:44:in `block in load'
concurrent-ruby (1.2.2) lib/concurrent-ruby/concurrent/map.rb:207:in `block in fetch_or_store'
concurrent-ruby (1.2.2) lib/concurrent-ruby/concurrent/map.rb:187:in `fetch'
concurrent-ruby (1.2.2) lib/concurrent-ruby/concurrent/map.rb:206:in `fetch_or_store'
sprockets (4.2.0) lib/sprockets/cached_environment.rb:44:in `load'
sprockets (4.2.0) lib/sprockets/base.rb:81:in `find_asset'
sprockets (4.2.0) lib/sprockets/base.rb:88:in `find_all_linked_assets'
sprockets (4.2.0) lib/sprockets/manifest.rb:125:in `each'
sprockets (4.2.0) lib/sprockets/manifest.rb:125:in `to_a'
sprockets (4.2.0) lib/sprockets/manifest.rb:125:in `block (2 levels) in find'
concurrent-ruby (1.2.2) lib/concurrent-ruby/concurrent/executor/safe_task_executor.rb:24:in `block in execute'
concurrent-ruby (1.2.2) lib/concurrent-ruby/concurrent/synchronization/mutex_lockable_object.rb:48:in `block in synchronize'
concurrent-ruby (1.2.2) lib/concurrent-ruby/concurrent/synchronization/mutex_lockable_object.rb:48:in `synchronize'
concurrent-ruby (1.2.2) lib/concurrent-ruby/concurrent/synchronization/mutex_lockable_object.rb:48:in `synchronize'
concurrent-ruby (1.2.2) lib/concurrent-ruby/concurrent/executor/safe_task_executor.rb:22:in `execute'
concurrent-ruby (1.2.2) lib/concurrent-ruby/concurrent/promise.rb:564:in `block in realize'
concurrent-ruby (1.2.2) lib/concurrent-ruby/concurrent/executor/ruby_thread_pool_executor.rb:352:in `run_task'
concurrent-ruby (1.2.2) lib/concurrent-ruby/concurrent/executor/ruby_thread_pool_executor.rb:343:in `block (3 levels) in create_worker'
concurrent-ruby (1.2.2) lib/concurrent-ruby/concurrent/executor/ruby_thread_pool_executor.rb:334:in `loop'
concurrent-ruby (1.2.2) lib/concurrent-ruby/concurrent/executor/ruby_thread_pool_executor.rb:334:in `block (2 levels) in create_worker'
concurrent-ruby (1.2.2) lib/concurrent-ruby/concurrent/executor/ruby_thread_pool_executor.rb:333:in `catch'
concurrent-ruby (1.2.2) lib/concurrent-ruby/concurrent/executor/ruby_thread_pool_executor.rb:333:in `block in create_worker'
Started GET "/welcome/index.html.erb" for 127.0.0.1 at 2023-03-04 13:52:40 +0530
  
ActionController::RoutingError (No route matches [GET] "/welcome/index.html.erb"):
  
Started GET "/welcome/index" for 127.0.0.1 at 2023-03-04 13:52:47 +0530
Processing by WelcomeController#index as HTML
  Rendering layout layouts/application.html.erb
  Rendering welcome/index.html.erb within layouts/application
  Rendered welcome/index.html.erb within layouts/application (Duration: 7.6ms | Allocations: 108)
  Rendered layout layouts/application.html.erb (Duration: 236.7ms | Allocations: 33590)
Completed 200 OK in 264ms (Views: 257.0ms | ActiveRecord: 0.0ms | Allocations: 34432)


Started GET "/welcome/myNewView" for 127.0.0.1 at 2023-03-04 13:53:01 +0530
Processing by WelcomeController#myNewView as HTML
  Rendering layout layouts/application.html.erb
  Rendering welcome/myNewView.html.erb within layouts/application
  Rendered welcome/myNewView.html.erb within layouts/application (Duration: 2.5ms | Allocations: 78)
  Rendered layout layouts/application.html.erb (Duration: 50.1ms | Allocations: 2546)
Completed 200 OK in 68ms (Views: 62.4ms | ActiveRecord: 0.0ms | Allocations: 2845)


Started GET "/welcome/myNewView" for 127.0.0.1 at 2023-03-04 14:02:59 +0530
Processing by WelcomeController#myNewView as HTML
  Rendering layout layouts/application.html.erb
  Rendering welcome/myNewView.html.erb within layouts/application
  Rendered welcome/myNewView.html.erb within layouts/application (Duration: 1.9ms | Allocations: 175)
  Rendered layout layouts/application.html.erb (Duration: 42.5ms | Allocations: 3070)
Completed 200 OK in 100ms (Views: 61.9ms | Allocations: 3773)


Started GET "/welcome/index" for 127.0.0.1 at 2023-03-04 14:03:01 +0530
Processing by WelcomeController#index as HTML
  Rendering layout layouts/application.html.erb
  Rendering welcome/index.html.erb within layouts/application
  Rendered welcome/index.html.erb within layouts/application (Duration: 1.2ms | Allocations: 123)
  Rendered layout layouts/application.html.erb (Duration: 25.7ms | Allocations: 2574)
Completed 200 OK in 34ms (Views: 29.3ms | Allocations: 2922)


Started GET "/welcome/myNewView" for 127.0.0.1 at 2023-03-04 14:03:03 +0530
Processing by WelcomeController#myNewView as HTML
  Rendering layout layouts/application.html.erb
  Rendering welcome/myNewView.html.erb within layouts/application
  Rendered welcome/myNewView.html.erb within layouts/application (Duration: 0.4ms | Allocations: 27)
  Rendered layout layouts/application.html.erb (Duration: 37.5ms | Allocations: 2463)
Completed 200 OK in 69ms (Views: 45.4ms | Allocations: 2744)


Started GET "/welcome/index" for 127.0.0.1 at 2023-03-04 14:03:03 +0530
Processing by WelcomeController#index as HTML
  Rendering layout layouts/application.html.erb
  Rendering welcome/index.html.erb within layouts/application
  Rendered welcome/index.html.erb within layouts/application (Duration: 0.2ms | Allocations: 27)
  Rendered layout layouts/application.html.erb (Duration: 43.5ms | Allocations: 2482)
Completed 200 OK in 58ms (Views: 53.8ms | Allocations: 2759)


Started GET "/welcome/myNewView" for 127.0.0.1 at 2023-03-04 14:03:04 +0530
Processing by WelcomeController#myNewView as HTML
  Rendering layout layouts/application.html.erb
  Rendering welcome/myNewView.html.erb within layouts/application
  Rendered welcome/myNewView.html.erb within layouts/application (Duration: 0.2ms | Allocations: 27)
  Rendered layout layouts/application.html.erb (Duration: 29.0ms | Allocations: 2470)
Completed 200 OK in 41ms (Views: 36.3ms | Allocations: 2749)


  [1m[35m (14.4ms)[0m  [1m[35mCREATE TABLE "schema_migrations" ("version" varchar NOT NULL PRIMARY KEY)[0m
  [1m[35m (7.6ms)[0m  [1m[35mCREATE TABLE "ar_internal_metadata" ("key" varchar NOT NULL PRIMARY KEY, "value" varchar, "created_at" datetime(6) NOT NULL, "updated_at" datetime(6) NOT NULL)[0m
  [1m[36mActiveRecord::SchemaMigration Pluck (0.4ms)[0m  [1m[34mSELECT "schema_migrations"."version" FROM "schema_migrations" ORDER BY "schema_migrations"."version" ASC[0m
Migrating to CreateUsers (20230304083550)
  [1m[36mTRANSACTION (0.5ms)[0m  [1m[36mbegin transaction[0m
  [1m[35m (2.0ms)[0m  [1m[35mCREATE TABLE "users" ("id" integer PRIMARY KEY AUTOINCREMENT NOT NULL, "fname" varchar, "lname" varchar, "userName" varchar, "email" varchar, "created_at" datetime(6) NOT NULL, "updated_at" datetime(6) NOT NULL)[0m
  [1m[36mActiveRecord::SchemaMigration Create (0.4ms)[0m  [1m[32mINSERT INTO "schema_migrations" ("version") VALUES (?)[0m  [["version", "20230304083550"]]
  [1m[36mTRANSACTION (8.9ms)[0m  [1m[36mcommit transaction[0m
  [1m[36mActiveRecord::InternalMetadata Load (0.5ms)[0m  [1m[34mSELECT "ar_internal_metadata".* FROM "ar_internal_metadata" WHERE "ar_internal_metadata"."key" = ? LIMIT ?[0m  [["key", "environment"], ["LIMIT", 1]]
  [1m[36mTRANSACTION (0.1ms)[0m  [1m[36mbegin transaction[0m
  [1m[36mActiveRecord::InternalMetadata Create (1.7ms)[0m  [1m[32mINSERT INTO "ar_internal_metadata" ("key", "value", "created_at", "updated_at") VALUES (?, ?, ?, ?)[0m  [["key", "environment"], ["value", "development"], ["created_at", "2023-03-04 08:39:11.792055"], ["updated_at", "2023-03-04 08:39:11.792055"]]
  [1m[36mTRANSACTION (5.7ms)[0m  [1m[36mcommit transaction[0m
  [1m[36mActiveRecord::SchemaMigration Pluck (0.7ms)[0m  [1m[34mSELECT "schema_migrations"."version" FROM "schema_migrations" ORDER BY "schema_migrations"."version" ASC[0m
Started GET "/welcome/myNewView" for 127.0.0.1 at 2023-03-04 14:16:42 +0530
  [1m[36mActiveRecord::SchemaMigration Pluck (0.6ms)[0m  [1m[34mSELECT "schema_migrations"."version" FROM "schema_migrations" ORDER BY "schema_migrations"."version" ASC[0m
Processing by WelcomeController#myNewView as HTML
  Rendering layout layouts/application.html.erb
  Rendering welcome/myNewView.html.erb within layouts/application
  Rendered welcome/myNewView.html.erb within layouts/application (Duration: 0.4ms | Allocations: 64)
  Rendered layout layouts/application.html.erb (Duration: 116.5ms | Allocations: 14390)
Completed 200 OK in 136ms (Views: 130.6ms | ActiveRecord: 0.0ms | Allocations: 15029)


  [1m[36mActiveRecord::SchemaMigration Pluck (0.3ms)[0m  [1m[34mSELECT "schema_migrations"."version" FROM "schema_migrations" ORDER BY "schema_migrations"."version" ASC[0m
Migrating to CreateComments (20230304084820)
  [1m[36mTRANSACTION (0.8ms)[0m  [1m[36mbegin transaction[0m
  [1m[35m (6.3ms)[0m  [1m[35mCREATE TABLE "comments" ("id" integer PRIMARY KEY AUTOINCREMENT NOT NULL, "userName" varchar, "message" varchar, "created_at" datetime(6) NOT NULL, "updated_at" datetime(6) NOT NULL)[0m
  [1m[36mActiveRecord::SchemaMigration Create (0.5ms)[0m  [1m[32mINSERT INTO "schema_migrations" ("version") VALUES (?)[0m  [["version", "20230304084820"]]
  [1m[36mTRANSACTION (7.3ms)[0m  [1m[36mcommit transaction[0m
Migrating to CreateGuestBooks (20230304085639)
  [1m[36mTRANSACTION (0.1ms)[0m  [1m[36mbegin transaction[0m
  [1m[35m (1.5ms)[0m  [1m[35mCREATE TABLE "guest_books" ("id" integer PRIMARY KEY AUTOINCREMENT NOT NULL, "user" varchar, "message" varchar, "created_at" datetime(6) NOT NULL, "updated_at" datetime(6) NOT NULL)[0m
  [1m[36mActiveRecord::SchemaMigration Create (0.5ms)[0m  [1m[32mINSERT INTO "schema_migrations" ("version") VALUES (?)[0m  [["version", "20230304085639"]]
  [1m[36mTRANSACTION (3.1ms)[0m  [1m[36mcommit transaction[0m
  [1m[36mActiveRecord::InternalMetadata Load (0.6ms)[0m  [1m[34mSELECT "ar_internal_metadata".* FROM "ar_internal_metadata" WHERE "ar_internal_metadata"."key" = ? LIMIT ?[0m  [["key", "environment"], ["LIMIT", 1]]
  [1m[36mActiveRecord::SchemaMigration Pluck (0.5ms)[0m  [1m[34mSELECT "schema_migrations"."version" FROM "schema_migrations" ORDER BY "schema_migrations"."version" ASC[0m
Started GET "/guestBooks/myNewView" for 127.0.0.1 at 2023-03-04 14:36:49 +0530
  [1m[36mActiveRecord::SchemaMigration Pluck (0.3ms)[0m  [1m[34mSELECT "schema_migrations"."version" FROM "schema_migrations" ORDER BY "schema_migrations"."version" ASC[0m
  
ActionController::RoutingError (No route matches [GET] "/guestBooks/myNewView"):
  
Started GET "/guestBooks/index" for 127.0.0.1 at 2023-03-04 14:36:54 +0530
  
ActionController::RoutingError (No route matches [GET] "/guestBooks/index"):
  
Started GET "/guest_books/index" for 127.0.0.1 at 2023-03-04 14:37:08 +0530
Processing by GuestBooksController#show as HTML
  Parameters: {"id"=>"index"}
  [1m[36mGuestBook Load (1.8ms)[0m  [1m[34mSELECT "guest_books".* FROM "guest_books" WHERE "guest_books"."id" = ? LIMIT ?[0m  [["id", nil], ["LIMIT", 1]]
  ↳ app/controllers/guest_books_controller.rb:63:in `set_guest_book'
Completed 404 Not Found in 88ms (ActiveRecord: 5.1ms | Allocations: 4401)


  
ActiveRecord::RecordNotFound (Couldn't find GuestBook with 'id'=index):
  
app/controllers/guest_books_controller.rb:63:in `set_guest_book'
Started GET "/guest_books" for 127.0.0.1 at 2023-03-04 14:38:24 +0530
Processing by GuestBooksController#index as HTML
  Rendering layout layouts/application.html.erb
  Rendering guest_books/index.html.erb within layouts/application
  [1m[36mGuestBook Load (0.5ms)[0m  [1m[34mSELECT "guest_books".* FROM "guest_books"[0m
  ↳ app/views/guest_books/index.html.erb:6
  Rendered guest_books/index.html.erb within layouts/application (Duration: 11.5ms | Allocations: 1262)
  Rendered layout layouts/application.html.erb (Duration: 128.9ms | Allocations: 15618)
Completed 200 OK in 160ms (Views: 146.1ms | ActiveRecord: 0.5ms | Allocations: 16510)


Started GET "/guest_books/new" for 127.0.0.1 at 2023-03-04 14:38:32 +0530
Processing by GuestBooksController#new as HTML
  Rendering layout layouts/application.html.erb
  Rendering guest_books/new.html.erb within layouts/application
  Rendered guest_books/_form.html.erb (Duration: 184.3ms | Allocations: 4574)
  Rendered guest_books/new.html.erb within layouts/application (Duration: 188.5ms | Allocations: 4893)
  Rendered layout layouts/application.html.erb (Duration: 218.5ms | Allocations: 7301)
Completed 200 OK in 451ms (Views: 221.4ms | ActiveRecord: 0.0ms | Allocations: 16387)


Started POST "/guest_books" for 127.0.0.1 at 2023-03-04 14:38:41 +0530
Processing by GuestBooksController#create as TURBO_STREAM
  Parameters: {"authenticity_token"=>"[FILTERED]", "guest_book"=>{"user"=>"hello", "message"=>"helllo"}, "commit"=>"Create Guest book"}
  [1m[36mTRANSACTION (0.1ms)[0m  [1m[36mbegin transaction[0m
  ↳ app/controllers/guest_books_controller.rb:27:in `block in create'
  [1m[36mGuestBook Create (1.6ms)[0m  [1m[32mINSERT INTO "guest_books" ("user", "message", "created_at", "updated_at") VALUES (?, ?, ?, ?)[0m  [["user", "hello"], ["message", "helllo"], ["created_at", "2023-03-04 09:08:41.480639"], ["updated_at", "2023-03-04 09:08:41.480639"]]
  ↳ app/controllers/guest_books_controller.rb:27:in `block in create'
  [1m[36mTRANSACTION (3.1ms)[0m  [1m[36mcommit transaction[0m
  ↳ app/controllers/guest_books_controller.rb:27:in `block in create'
Redirected to http://127.0.0.1:3000/guest_books/1
Completed 302 Found in 41ms (ActiveRecord: 4.7ms | Allocations: 3742)


Started GET "/guest_books/1" for 127.0.0.1 at 2023-03-04 14:38:41 +0530
Processing by GuestBooksController#show as TURBO_STREAM
  Parameters: {"id"=>"1"}
  [1m[36mGuestBook Load (0.3ms)[0m  [1m[34mSELECT "guest_books".* FROM "guest_books" WHERE "guest_books"."id" = ? LIMIT ?[0m  [["id", 1], ["LIMIT", 1]]
  ↳ app/controllers/guest_books_controller.rb:63:in `set_guest_book'
  Rendering layout layouts/application.html.erb
  Rendering guest_books/show.html.erb within layouts/application
  Rendered guest_books/_guest_book.html.erb (Duration: 1.2ms | Allocations: 201)
  Rendered guest_books/show.html.erb within layouts/application (Duration: 38.6ms | Allocations: 1522)
  Rendered layout layouts/application.html.erb (Duration: 58.4ms | Allocations: 3916)
Completed 200 OK in 81ms (Views: 61.8ms | ActiveRecord: 0.3ms | Allocations: 4910)


Started GET "/guest_books/index" for 127.0.0.1 at 2023-03-04 14:38:50 +0530
Processing by GuestBooksController#show as HTML
  Parameters: {"id"=>"index"}
  [1m[36mGuestBook Load (0.3ms)[0m  [1m[34mSELECT "guest_books".* FROM "guest_books" WHERE "guest_books"."id" = ? LIMIT ?[0m  [["id", nil], ["LIMIT", 1]]
  ↳ app/controllers/guest_books_controller.rb:63:in `set_guest_book'
Completed 404 Not Found in 11ms (ActiveRecord: 0.3ms | Allocations: 980)


  
ActiveRecord::RecordNotFound (Couldn't find GuestBook with 'id'=index):
  
app/controllers/guest_books_controller.rb:63:in `set_guest_book'
Started GET "/guest_books" for 127.0.0.1 at 2023-03-04 14:39:20 +0530
Processing by GuestBooksController#index as HTML
  Rendering layout layouts/application.html.erb
  Rendering guest_books/index.html.erb within layouts/application
  [1m[36mGuestBook Load (0.3ms)[0m  [1m[34mSELECT "guest_books".* FROM "guest_books"[0m
  ↳ app/views/guest_books/index.html.erb:6
  Rendered guest_books/_guest_book.html.erb (Duration: 0.2ms | Allocations: 19)
  Rendered guest_books/index.html.erb within layouts/application (Duration: 10.9ms | Allocations: 904)
  Rendered layout layouts/application.html.erb (Duration: 37.6ms | Allocations: 3201)
Completed 200 OK in 47ms (Views: 42.6ms | ActiveRecord: 0.3ms | Allocations: 3516)


Started GET "/guest_books/index" for 127.0.0.1 at 2023-03-04 14:40:10 +0530
Processing by GuestBooksController#show as HTML
  Parameters: {"id"=>"index"}
  [1m[36mGuestBook Load (0.3ms)[0m  [1m[34mSELECT "guest_books".* FROM "guest_books" WHERE "guest_books"."id" = ? LIMIT ?[0m  [["id", nil], ["LIMIT", 1]]
  ↳ app/controllers/guest_books_controller.rb:63:in `set_guest_book'
Completed 404 Not Found in 12ms (ActiveRecord: 0.3ms | Allocations: 913)


  
ActiveRecord::RecordNotFound (Couldn't find GuestBook with 'id'=index):
  
app/controllers/guest_books_controller.rb:63:in `set_guest_book'
Started GET "/guest_books/1" for 127.0.0.1 at 2023-03-04 14:40:32 +0530
Processing by GuestBooksController#show as HTML
  Parameters: {"id"=>"1"}
  [1m[36mGuestBook Load (0.4ms)[0m  [1m[34mSELECT "guest_books".* FROM "guest_books" WHERE "guest_books"."id" = ? LIMIT ?[0m  [["id", 1], ["LIMIT", 1]]
  ↳ app/controllers/guest_books_controller.rb:63:in `set_guest_book'
  Rendering layout layouts/application.html.erb
  Rendering guest_books/show.html.erb within layouts/application
  Rendered guest_books/_guest_book.html.erb (Duration: 0.2ms | Allocations: 19)
  Rendered guest_books/show.html.erb within layouts/application (Duration: 9.7ms | Allocations: 557)
  Rendered layout layouts/application.html.erb (Duration: 38.7ms | Allocations: 2846)
Completed 200 OK in 55ms (Views: 41.3ms | ActiveRecord: 0.4ms | Allocations: 3597)


Started GET "/guest_books" for 127.0.0.1 at 2023-03-04 14:40:35 +0530
Processing by GuestBooksController#index as HTML
  Rendering layout layouts/application.html.erb
  Rendering guest_books/index.html.erb within layouts/application
  [1m[36mGuestBook Load (0.4ms)[0m  [1m[34mSELECT "guest_books".* FROM "guest_books"[0m
  ↳ app/views/guest_books/index.html.erb:6
  Rendered guest_books/_guest_book.html.erb (Duration: 4.1ms | Allocations: 19)
  Rendered guest_books/index.html.erb within layouts/application (Duration: 45.0ms | Allocations: 902)
  Rendered layout layouts/application.html.erb (Duration: 150.7ms | Allocations: 3187)
Completed 200 OK in 162ms (Views: 154.2ms | ActiveRecord: 0.4ms | Allocations: 3479)


  [1m[36mActiveRecord::SchemaMigration Pluck (1.0ms)[0m  [1m[34mSELECT "schema_migrations"."version" FROM "schema_migrations" ORDER BY "schema_migrations"."version" ASC[0m
Migrating to CreateMessages (20230312132156)
  [1m[36mTRANSACTION (0.3ms)[0m  [1m[36mbegin transaction[0m
  [1m[35m (3.2ms)[0m  [1m[35mCREATE TABLE "messages" ("id" integer PRIMARY KEY AUTOINCREMENT NOT NULL, "user" varchar, "message" varchar, "created_at" datetime(6) NOT NULL, "updated_at" datetime(6) NOT NULL)[0m
  [1m[36mActiveRecord::SchemaMigration Create (0.7ms)[0m  [1m[32mINSERT INTO "schema_migrations" ("version") VALUES (?)[0m  [["version", "20230312132156"]]
  [1m[36mTRANSACTION (7.7ms)[0m  [1m[36mcommit transaction[0m
  [1m[36mActiveRecord::InternalMetadata Load (1.0ms)[0m  [1m[34mSELECT "ar_internal_metadata".* FROM "ar_internal_metadata" WHERE "ar_internal_metadata"."key" = ? LIMIT ?[0m  [["key", "environment"], ["LIMIT", 1]]
  [1m[36mActiveRecord::SchemaMigration Pluck (0.5ms)[0m  [1m[34mSELECT "schema_migrations"."version" FROM "schema_migrations" ORDER BY "schema_migrations"."version" ASC[0m
Started GET "/" for 127.0.0.1 at 2023-03-12 18:58:13 +0530
  [1m[36mActiveRecord::SchemaMigration Pluck (2.0ms)[0m  [1m[34mSELECT "schema_migrations"."version" FROM "schema_migrations" ORDER BY "schema_migrations"."version" ASC[0m
Processing by Rails::WelcomeController#index as HTML
  Rendering C:/Ruby31-x64/lib/ruby/gems/3.1.0/gems/railties-7.0.4.2/lib/rails/templates/rails/welcome/index.html.erb
  Rendered C:/Ruby31-x64/lib/ruby/gems/3.1.0/gems/railties-7.0.4.2/lib/rails/templates/rails/welcome/index.html.erb (Duration: 18.1ms | Allocations: 500)
Completed 200 OK in 165ms (Views: 57.0ms | ActiveRecord: 0.0ms | Allocations: 3652)


Started GET "/message/new" for 127.0.0.1 at 2023-03-12 18:58:30 +0530
Processing by MessageController#new as HTML
  Rendering layout layouts/application.html.erb
  Rendering message/new.html.erb within layouts/application
  [1m[36mTRANSACTION (0.2ms)[0m  [1m[36mbegin transaction[0m
  ↳ app/views/message/new.html.erb:5
  [1m[36mMessage Create (3.1ms)[0m  [1m[32mINSERT INTO "messages" ("user", "message", "created_at", "updated_at") VALUES (?, ?, ?, ?)[0m  [["user", "Daniel"], ["message", "Hello from "], ["created_at", "2023-03-12 13:28:31.184847"], ["updated_at", "2023-03-12 13:28:31.184847"]]
  ↳ app/views/message/new.html.erb:5
  [1m[36mTRANSACTION (7.3ms)[0m  [1m[36mcommit transaction[0m
  ↳ app/views/message/new.html.erb:5
  Rendered message/new.html.erb within layouts/application (Duration: 110.3ms | Allocations: 8236)
  Rendered layout layouts/application.html.erb (Duration: 741.6ms | Allocations: 44750)
Completed 200 OK in 780ms (Views: 758.9ms | ActiveRecord: 13.4ms | Allocations: 45646)


Started GET "/message/new" for 127.0.0.1 at 2023-03-12 18:59:01 +0530
Processing by MessageController#new as HTML
  Rendering layout layouts/application.html.erb
  Rendering message/new.html.erb within layouts/application
  [1m[36mTRANSACTION (0.5ms)[0m  [1m[36mbegin transaction[0m
  ↳ app/views/message/new.html.erb:5
  [1m[36mMessage Create (6.8ms)[0m  [1m[32mINSERT INTO "messages" ("user", "message", "created_at", "updated_at") VALUES (?, ?, ?, ?)[0m  [["user", "Daniel"], ["message", "Hello from "], ["created_at", "2023-03-12 13:29:01.362595"], ["updated_at", "2023-03-12 13:29:01.362595"]]
  ↳ app/views/message/new.html.erb:5
  [1m[36mTRANSACTION (12.1ms)[0m  [1m[36mcommit transaction[0m
  ↳ app/views/message/new.html.erb:5
  Rendered message/new.html.erb within layouts/application (Duration: 62.0ms | Allocations: 2213)
  Rendered layout layouts/application.html.erb (Duration: 122.7ms | Allocations: 5141)
Completed 200 OK in 187ms (Views: 159.2ms | ActiveRecord: 19.5ms | Allocations: 5867)


Started GET "/message/new" for 127.0.0.1 at 2023-03-12 19:01:01 +0530
Processing by MessageController#new as HTML
  Rendering layout layouts/application.html.erb
  Rendering message/new.html.erb within layouts/application
  [1m[36mTRANSACTION (0.2ms)[0m  [1m[36mbegin transaction[0m
  ↳ app/views/message/new.html.erb:5
  [1m[36mMessage Create (8.5ms)[0m  [1m[32mINSERT INTO "messages" ("user", "message", "created_at", "updated_at") VALUES (?, ?, ?, ?)[0m  [["user", "Daniel"], ["message", "Hello from "], ["created_at", "2023-03-12 13:31:02.129294"], ["updated_at", "2023-03-12 13:31:02.129294"]]
  ↳ app/views/message/new.html.erb:5
  [1m[36mTRANSACTION (9.3ms)[0m  [1m[36mcommit transaction[0m
  ↳ app/views/message/new.html.erb:5
  Rendered message/new.html.erb within layouts/application (Duration: 529.9ms | Allocations: 10143)
  Rendered layout layouts/application.html.erb (Duration: 534.1ms | Allocations: 10238)
Completed 500 Internal Server Error in 610ms (ActiveRecord: 18.0ms | Allocations: 10956)


  
ActionView::Template::Error (undefined method `message' for nil:NilClass

@output_buffer.safe_append='<h1>'.freeze;@output_buffer.append=(@message2.message);@output_buffer.append=(@message2.user);@output_buffer.safe_append='</h1>'.freeze;
                                                                         ^^^^^^^^):
     9: <%
    10: @message=Message.new(message:"Hello again from ",user:"Daniel")
    11: %>
    12: <h1><%=@message2.message%><%=@message2.user%></h1>
  
app/views/message/new.html.erb:12
Started GET "/message/new" for 127.0.0.1 at 2023-03-12 19:01:18 +0530
Processing by MessageController#new as HTML
  Rendering layout layouts/application.html.erb
  Rendering message/new.html.erb within layouts/application
  [1m[36mTRANSACTION (0.2ms)[0m  [1m[36mbegin transaction[0m
  ↳ app/views/message/new.html.erb:5
  [1m[36mMessage Create (4.6ms)[0m  [1m[32mINSERT INTO "messages" ("user", "message", "created_at", "updated_at") VALUES (?, ?, ?, ?)[0m  [["user", "Daniel"], ["message", "Hello from "], ["created_at", "2023-03-12 13:31:18.903487"], ["updated_at", "2023-03-12 13:31:18.903487"]]
  ↳ app/views/message/new.html.erb:5
  [1m[36mTRANSACTION (13.8ms)[0m  [1m[36mcommit transaction[0m
  ↳ app/views/message/new.html.erb:5
  Rendered message/new.html.erb within layouts/application (Duration: 85.4ms | Allocations: 2279)
  Rendered layout layouts/application.html.erb (Duration: 170.8ms | Allocations: 5181)
Completed 200 OK in 225ms (Views: 199.7ms | ActiveRecord: 18.6ms | Allocations: 5907)


Started GET "/message/new" for 127.0.0.1 at 2023-03-12 19:01:49 +0530
Processing by MessageController#new as HTML
  Rendering layout layouts/application.html.erb
  Rendering message/new.html.erb within layouts/application
  [1m[36mTRANSACTION (0.2ms)[0m  [1m[36mbegin transaction[0m
  ↳ app/views/message/new.html.erb:5
  [1m[36mMessage Create (4.2ms)[0m  [1m[32mINSERT INTO "messages" ("user", "message", "created_at", "updated_at") VALUES (?, ?, ?, ?)[0m  [["user", "Daniel"], ["message", "Hello from "], ["created_at", "2023-03-12 13:31:50.271996"], ["updated_at", "2023-03-12 13:31:50.271996"]]
  ↳ app/views/message/new.html.erb:5
  [1m[36mTRANSACTION (11.0ms)[0m  [1m[36mcommit transaction[0m
  ↳ app/views/message/new.html.erb:5
  [1m[36mTRANSACTION (1.3ms)[0m  [1m[36mbegin transaction[0m
  ↳ app/views/message/new.html.erb:11
  [1m[36mMessage Create (5.8ms)[0m  [1m[32mINSERT INTO "messages" ("user", "message", "created_at", "updated_at") VALUES (?, ?, ?, ?)[0m  [["user", "Daniel"], ["message", "Hello again from "], ["created_at", "2023-03-12 13:31:50.326314"], ["updated_at", "2023-03-12 13:31:50.326314"]]
  ↳ app/views/message/new.html.erb:11
  [1m[36mTRANSACTION (70.7ms)[0m  [1m[36mcommit transaction[0m
  ↳ app/views/message/new.html.erb:11
  Rendered message/new.html.erb within layouts/application (Duration: 377.9ms | Allocations: 4140)
  Rendered layout layouts/application.html.erb (Duration: 458.4ms | Allocations: 7027)
Completed 200 OK in 512ms (Views: 406.7ms | ActiveRecord: 93.2ms | Allocations: 7747)


  [1m[36mActiveRecord::SchemaMigration Pluck (0.6ms)[0m  [1m[34mSELECT "schema_migrations"."version" FROM "schema_migrations" ORDER BY "schema_migrations"."version" ASC[0m
Migrating to CreateRecords (20230312133418)
  [1m[36mTRANSACTION (0.3ms)[0m  [1m[36mbegin transaction[0m
  [1m[35m (2.8ms)[0m  [1m[35mCREATE TABLE "records" ("id" integer PRIMARY KEY AUTOINCREMENT NOT NULL, "title" varchar, "artist" varchar, "created_at" datetime(6) NOT NULL, "updated_at" datetime(6) NOT NULL)[0m
  [1m[36mActiveRecord::SchemaMigration Create (1.7ms)[0m  [1m[32mINSERT INTO "schema_migrations" ("version") VALUES (?)[0m  [["version", "20230312133418"]]
  [1m[36mTRANSACTION (8.1ms)[0m  [1m[36mcommit transaction[0m
  [1m[36mActiveRecord::InternalMetadata Load (1.4ms)[0m  [1m[34mSELECT "ar_internal_metadata".* FROM "ar_internal_metadata" WHERE "ar_internal_metadata"."key" = ? LIMIT ?[0m  [["key", "environment"], ["LIMIT", 1]]
  [1m[36mActiveRecord::SchemaMigration Pluck (0.5ms)[0m  [1m[34mSELECT "schema_migrations"."version" FROM "schema_migrations" ORDER BY "schema_migrations"."version" ASC[0m
Started GET "/records/new" for 127.0.0.1 at 2023-03-12 19:08:32 +0530
  [1m[36mActiveRecord::SchemaMigration Pluck (0.5ms)[0m  [1m[34mSELECT "schema_migrations"."version" FROM "schema_migrations" ORDER BY "schema_migrations"."version" ASC[0m
Processing by RecordsController#new as HTML
  Rendering layout layouts/application.html.erb
  Rendering records/new.html.erb within layouts/application
  [1m[36mTRANSACTION (1.4ms)[0m  [1m[36mbegin transaction[0m
  ↳ app/views/records/new.html.erb:2
  [1m[36mRecord Create (3.5ms)[0m  [1m[32mINSERT INTO "records" ("title", "artist", "created_at", "updated_at") VALUES (?, ?, ?, ?)[0m  [["title", "Spamalot"], ["artist", "Monty Python"], ["created_at", "2023-03-12 13:38:40.185388"], ["updated_at", "2023-03-12 13:38:40.185388"]]
  ↳ app/views/records/new.html.erb:2
  [1m[36mTRANSACTION (11.8ms)[0m  [1m[36mcommit transaction[0m
  ↳ app/views/records/new.html.erb:2
  [1m[36mRecord Load (2.2ms)[0m  [1m[34mSELECT "records".* FROM "records" WHERE "records"."id" = ? LIMIT ?[0m  [["id", nil], ["LIMIT", 1]]
  ↳ app/views/records/new.html.erb:3
  Rendered records/new.html.erb within layouts/application (Duration: 151.2ms | Allocations: 9342)
  Rendered layout layouts/application.html.erb (Duration: 156.2ms | Allocations: 9429)
Completed 500 Internal Server Error in 203ms (ActiveRecord: 22.4ms | Allocations: 10219)


  
ActionView::Template::Error (Couldn't find Record with 'id'=last):
    1: <%
    2: r=Record.new(title:"Spamalot",artist:"Monty Python").save
    3: @myRecord=Record.find(:last)
    4: %>
    5: <h1><%=@myRecord.title%><%=@myRecord.artist%></h1>
  
app/views/records/new.html.erb:3
Started GET "/records/new" for 127.0.0.1 at 2023-03-12 19:10:05 +0530
Processing by RecordsController#new as HTML
  Rendering layout layouts/application.html.erb
  Rendering records/new.html.erb within layouts/application
  [1m[36mTRANSACTION (0.5ms)[0m  [1m[36mbegin transaction[0m
  ↳ app/views/records/new.html.erb:2
  [1m[36mRecord Create (9.1ms)[0m  [1m[32mINSERT INTO "records" ("title", "artist", "created_at", "updated_at") VALUES (?, ?, ?, ?)[0m  [["title", "Spamalot"], ["artist", "Monty Python"], ["created_at", "2023-03-12 13:40:05.444700"], ["updated_at", "2023-03-12 13:40:05.444700"]]
  ↳ app/views/records/new.html.erb:2
  [1m[36mTRANSACTION (14.7ms)[0m  [1m[36mcommit transaction[0m
  ↳ app/views/records/new.html.erb:2
  Rendered records/new.html.erb within layouts/application (Duration: 67.1ms | Allocations: 3123)
  Rendered layout layouts/application.html.erb (Duration: 71.9ms | Allocations: 3206)
Completed 500 Internal Server Error in 134ms (ActiveRecord: 24.3ms | Allocations: 3896)


  
ActionView::Template::Error (Couldn't find Record without an ID):
    1: <%
    2: r=Record.new(title:"Spamalot",artist:"Monty Python").save
    3: @myRecord=Record.find()
    4: %>
    5: <h1><%=@myRecord.title%><%=@myRecord.artist%></h1>
  
app/views/records/new.html.erb:3
  [1m[36mActiveRecord::SchemaMigration Pluck (2.0ms)[0m  [1m[34mSELECT "schema_migrations"."version" FROM "schema_migrations" ORDER BY "schema_migrations"."version" ASC[0m
  [1m[36mActiveRecord::InternalMetadata Load (1.3ms)[0m  [1m[34mSELECT "ar_internal_metadata".* FROM "ar_internal_metadata" WHERE "ar_internal_metadata"."key" = ? LIMIT ?[0m  [["key", "environment"], ["LIMIT", 1]]
  [1m[36mActiveRecord::SchemaMigration Pluck (1.0ms)[0m  [1m[34mSELECT "schema_migrations"."version" FROM "schema_migrations" ORDER BY "schema_migrations"."version" ASC[0m
Started GET "/records/new" for 127.0.0.1 at 2023-03-12 19:11:05 +0530
Processing by RecordsController#new as HTML
  Rendering layout layouts/application.html.erb
  Rendering records/new.html.erb within layouts/application
  [1m[36mTRANSACTION (0.2ms)[0m  [1m[36mbegin transaction[0m
  ↳ app/views/records/new.html.erb:2
  [1m[36mRecord Create (9.3ms)[0m  [1m[32mINSERT INTO "records" ("title", "artist", "created_at", "updated_at") VALUES (?, ?, ?, ?)[0m  [["title", "Spamalot"], ["artist", "Monty Python"], ["created_at", "2023-03-12 13:41:14.044027"], ["updated_at", "2023-03-12 13:41:14.044027"]]
  ↳ app/views/records/new.html.erb:2
  [1m[36mTRANSACTION (7.6ms)[0m  [1m[36mcommit transaction[0m
  ↳ app/views/records/new.html.erb:2
  Rendered records/new.html.erb within layouts/application (Duration: 105.2ms | Allocations: 5460)
  Rendered layout layouts/application.html.erb (Duration: 109.5ms | Allocations: 5546)
Completed 500 Internal Server Error in 126ms (ActiveRecord: 25.2ms | Allocations: 6134)


  
ActionView::Template::Error (Couldn't find Record without an ID):
    1: <%
    2: r=Record.new(title:"Spamalot",artist:"Monty Python").save
    3: @myRecord=Record.find()
    4: %>
    5: <h1><%=@myRecord.title%><%=@myRecord.artist%></h1>
  
app/views/records/new.html.erb:3
Started GET "/records/new" for 127.0.0.1 at 2023-03-12 19:11:55 +0530
Processing by RecordsController#new as HTML
  Rendering layout layouts/application.html.erb
  Rendering records/new.html.erb within layouts/application
  [1m[36mTRANSACTION (0.3ms)[0m  [1m[36mbegin transaction[0m
  ↳ app/views/records/new.html.erb:2
  [1m[36mRecord Create (3.2ms)[0m  [1m[32mINSERT INTO "records" ("title", "artist", "created_at", "updated_at") VALUES (?, ?, ?, ?)[0m  [["title", "Spamalot"], ["artist", "Monty Python"], ["created_at", "2023-03-12 13:41:55.344331"], ["updated_at", "2023-03-12 13:41:55.344331"]]
  ↳ app/views/records/new.html.erb:2
  [1m[36mTRANSACTION (13.6ms)[0m  [1m[36mcommit transaction[0m
  ↳ app/views/records/new.html.erb:2
  Rendered records/new.html.erb within layouts/application (Duration: 64.4ms | Allocations: 3164)
  Rendered layout layouts/application.html.erb (Duration: 67.7ms | Allocations: 3247)
Completed 500 Internal Server Error in 129ms (ActiveRecord: 17.0ms | Allocations: 3938)


  
ActionView::Template::Error (Couldn't find Record without an ID):
    1: <%
    2: r=Record.new(title:"Spamalot",artist:"Monty Python").save
    3: 
    4: @myRecord=Record.find()
    5: %>
    6: <h1><%=@myRecord.title%><%=@myRecord.artist%></h1>
  
app/views/records/new.html.erb:4
Started GET "/records/new" for 127.0.0.1 at 2023-03-12 19:14:02 +0530
Processing by RecordsController#new as HTML
  Rendering layout layouts/application.html.erb
  Rendering records/new.html.erb within layouts/application
  [1m[36mTRANSACTION (0.2ms)[0m  [1m[36mbegin transaction[0m
  ↳ app/views/records/new.html.erb:2
  [1m[36mRecord Create (3.2ms)[0m  [1m[32mINSERT INTO "records" ("title", "artist", "created_at", "updated_at") VALUES (?, ?, ?, ?)[0m  [["title", "Spamalot"], ["artist", "Monty Python"], ["created_at", "2023-03-12 13:44:03.159760"], ["updated_at", "2023-03-12 13:44:03.159760"]]
  ↳ app/views/records/new.html.erb:2
  [1m[36mTRANSACTION (10.4ms)[0m  [1m[36mcommit transaction[0m
  ↳ app/views/records/new.html.erb:2
  [1m[36mRecord Load (0.6ms)[0m  [1m[34mSELECT "records".* FROM "records" WHERE "records"."id" = ? LIMIT ?[0m  [["id", 1], ["LIMIT", 1]]
  ↳ app/views/records/new.html.erb:4
  Rendered records/new.html.erb within layouts/application (Duration: 87.4ms | Allocations: 3579)
  Rendered layout layouts/application.html.erb (Duration: 287.5ms | Allocations: 18144)
Completed 200 OK in 339ms (Views: 314.7ms | ActiveRecord: 14.4ms | Allocations: 18875)


Started GET "/records/new" for 127.0.0.1 at 2023-03-12 19:14:27 +0530
Processing by RecordsController#new as HTML
  Rendering layout layouts/application.html.erb
  Rendering records/new.html.erb within layouts/application
  [1m[36mTRANSACTION (0.2ms)[0m  [1m[36mbegin transaction[0m
  ↳ app/views/records/new.html.erb:2
  [1m[36mRecord Create (2.8ms)[0m  [1m[32mINSERT INTO "records" ("title", "artist", "created_at", "updated_at") VALUES (?, ?, ?, ?)[0m  [["title", "Spamalot"], ["artist", "Monty Python"], ["created_at", "2023-03-12 13:44:27.518502"], ["updated_at", "2023-03-12 13:44:27.518502"]]
  ↳ app/views/records/new.html.erb:2
  [1m[36mTRANSACTION (17.4ms)[0m  [1m[36mcommit transaction[0m
  ↳ app/views/records/new.html.erb:2
  [1m[36mRecord Load (0.5ms)[0m  [1m[34mSELECT "records".* FROM "records" WHERE "records"."id" = ? LIMIT ?[0m  [["id", nil], ["LIMIT", 1]]
  ↳ app/views/records/new.html.erb:4
  Rendered records/new.html.erb within layouts/application (Duration: 83.1ms | Allocations: 3641)
  Rendered layout layouts/application.html.erb (Duration: 87.3ms | Allocations: 3724)
Completed 500 Internal Server Error in 139ms (ActiveRecord: 20.8ms | Allocations: 4416)


  
ActionView::Template::Error (Couldn't find Record with 'id'=:last):
    1: <%
    2: r=Record.new(title:"Spamalot",artist:"Monty Python").save
    3: 
    4: @myRecord=Record.find(":last")
    5: %>
    6: <h1><%=@myRecord.title%> by <%=@myRecord.artist%></h1>
  
app/views/records/new.html.erb:4
Started GET "/records/new" for 127.0.0.1 at 2023-03-12 19:14:41 +0530
Processing by RecordsController#new as HTML
  Rendering layout layouts/application.html.erb
  Rendering records/new.html.erb within layouts/application
  [1m[36mTRANSACTION (0.3ms)[0m  [1m[36mbegin transaction[0m
  ↳ app/views/records/new.html.erb:2
  [1m[36mRecord Create (6.0ms)[0m  [1m[32mINSERT INTO "records" ("title", "artist", "created_at", "updated_at") VALUES (?, ?, ?, ?)[0m  [["title", "Spamalot"], ["artist", "Monty Python"], ["created_at", "2023-03-12 13:44:41.367992"], ["updated_at", "2023-03-12 13:44:41.367992"]]
  ↳ app/views/records/new.html.erb:2
  [1m[36mTRANSACTION (9.5ms)[0m  [1m[36mcommit transaction[0m
  ↳ app/views/records/new.html.erb:2
  [1m[36mRecord Load (0.8ms)[0m  [1m[34mSELECT "records".* FROM "records" WHERE "records"."id" = ? LIMIT ?[0m  [["id", nil], ["LIMIT", 1]]
  ↳ app/views/records/new.html.erb:4
  Rendered records/new.html.erb within layouts/application (Duration: 72.9ms | Allocations: 4071)
  Rendered layout layouts/application.html.erb (Duration: 78.4ms | Allocations: 4154)
Completed 500 Internal Server Error in 129ms (ActiveRecord: 16.5ms | Allocations: 4845)


  
ActionView::Template::Error (Couldn't find Record with 'id'=last):
    1: <%
    2: r=Record.new(title:"Spamalot",artist:"Monty Python").save
    3: 
    4: @myRecord=Record.find(:last)
    5: %>
    6: <h1><%=@myRecord.title%> by <%=@myRecord.artist%></h1>
  
app/views/records/new.html.erb:4
Started GET "/records/new" for 127.0.0.1 at 2023-03-12 19:16:23 +0530
Processing by RecordsController#new as HTML
  Rendering layout layouts/application.html.erb
  Rendering records/new.html.erb within layouts/application
  [1m[36mTRANSACTION (0.2ms)[0m  [1m[36mbegin transaction[0m
  ↳ app/views/records/new.html.erb:2
  [1m[36mRecord Create (2.2ms)[0m  [1m[32mINSERT INTO "records" ("title", "artist", "created_at", "updated_at") VALUES (?, ?, ?, ?)[0m  [["title", "Spamalot"], ["artist", "Monty Python"], ["created_at", "2023-03-12 13:46:24.038218"], ["updated_at", "2023-03-12 13:46:24.038218"]]
  ↳ app/views/records/new.html.erb:2
  [1m[36mTRANSACTION (16.4ms)[0m  [1m[36mcommit transaction[0m
  ↳ app/views/records/new.html.erb:2
  [1m[36mRecord Load (1.4ms)[0m  [1m[34mSELECT "records".* FROM "records" WHERE "records"."id" = ? LIMIT ?[0m  [["id", 2], ["LIMIT", 1]]
  ↳ app/views/records/new.html.erb:4
  [1m[36mRecord Load (0.6ms)[0m  [1m[34mSELECT "records".* FROM "records" WHERE "records"."id" = ? LIMIT ?[0m  [["id", 1], ["LIMIT", 1]]
  ↳ app/views/records/new.html.erb:8
  [1m[36mTRANSACTION (0.2ms)[0m  [1m[36mbegin transaction[0m
  ↳ app/views/records/new.html.erb:8
  [1m[36mRecord Destroy (7.9ms)[0m  [1m[31mDELETE FROM "records" WHERE "records"."id" = ?[0m  [["id", 1]]
  ↳ app/views/records/new.html.erb:8
  [1m[36mTRANSACTION (13.8ms)[0m  [1m[36mcommit transaction[0m
  ↳ app/views/records/new.html.erb:8
  Rendered records/new.html.erb within layouts/application (Duration: 131.8ms | Allocations: 4964)
  Rendered layout layouts/application.html.erb (Duration: 202.1ms | Allocations: 7860)
Completed 200 OK in 251ms (Views: 196.2ms | ActiveRecord: 42.7ms | Allocations: 8580)


Started GET "/records/new" for 127.0.0.1 at 2023-03-12 19:16:33 +0530
Processing by RecordsController#new as HTML
  Rendering layout layouts/application.html.erb
  Rendering records/new.html.erb within layouts/application
  [1m[36mTRANSACTION (0.5ms)[0m  [1m[36mbegin transaction[0m
  ↳ app/views/records/new.html.erb:2
  [1m[36mRecord Create (5.4ms)[0m  [1m[32mINSERT INTO "records" ("title", "artist", "created_at", "updated_at") VALUES (?, ?, ?, ?)[0m  [["title", "Spamalot"], ["artist", "Monty Python"], ["created_at", "2023-03-12 13:46:34.027012"], ["updated_at", "2023-03-12 13:46:34.027012"]]
  ↳ app/views/records/new.html.erb:2
  [1m[36mTRANSACTION (25.6ms)[0m  [1m[36mcommit transaction[0m
  ↳ app/views/records/new.html.erb:2
  [1m[36mRecord Load (0.6ms)[0m  [1m[34mSELECT "records".* FROM "records" WHERE "records"."id" = ? LIMIT ?[0m  [["id", 2], ["LIMIT", 1]]
  ↳ app/views/records/new.html.erb:4
  [1m[36mCACHE Record Load (0.1ms)[0m  [1m[34mSELECT "records".* FROM "records" WHERE "records"."id" = ? LIMIT ?[0m  [["id", 2], ["LIMIT", 1]]
  ↳ app/views/records/new.html.erb:8
  [1m[36mTRANSACTION (0.2ms)[0m  [1m[36mbegin transaction[0m
  ↳ app/views/records/new.html.erb:8
  [1m[36mRecord Destroy (2.5ms)[0m  [1m[31mDELETE FROM "records" WHERE "records"."id" = ?[0m  [["id", 2]]
  ↳ app/views/records/new.html.erb:8
  [1m[36mTRANSACTION (13.1ms)[0m  [1m[36mcommit transaction[0m
  ↳ app/views/records/new.html.erb:8
  Rendered records/new.html.erb within layouts/application (Duration: 148.2ms | Allocations: 4838)
  Rendered layout layouts/application.html.erb (Duration: 250.0ms | Allocations: 7722)
Completed 200 OK in 315ms (Views: 254.5ms | ActiveRecord: 47.9ms | Allocations: 8443)


